<?xml version="1.0" encoding="UTF-8"?>
<!-- Generated by org.testng.reporters.JUnitReportReporter -->
<testsuite hostname="THSLT10073" failures="0" tests="1" name="Minex.minex" time="24.230" errors="0" timestamp="2021-03-07T17:57:53 IST" skipped="0">
  <testcase classname="Minex.minex" name="Minexlogin" time="24.230"/>
  <system-out/>
</testsuite> <!-- Minex.minex -->
