<?xml version="1.0" encoding="UTF-8"?>
<!-- Generated by org.testng.reporters.JUnitReportReporter -->
<testsuite hostname="THSLT10073" name="ALLCOINS.nem" tests="1" failures="0" timestamp="8 Dec 2020 04:43:52 GMT" time="83.636" errors="0">
  <testcase name="NEMlogin" time="83.636" classname="ALLCOINS.nem"/>
</testsuite> <!-- ALLCOINS.nem -->
