<?xml version="1.0" encoding="UTF-8"?>
<!-- Generated by org.testng.reporters.JUnitReportReporter -->
<testsuite hostname="THSLT10073" name="ALLCOINS.itc" tests="1" failures="0" timestamp="8 Dec 2020 04:43:52 GMT" time="53.658" errors="0">
  <testcase name="ITClogin" time="53.658" classname="ALLCOINS.itc"/>
</testsuite> <!-- ALLCOINS.itc -->
